<?xml version="1.0" encoding="UTF-8"?>
<testsuite xmlns:xsi="http://www.w3.org/2001/XMLSchema-instance" xsi:noNamespaceSchemaLocation="https://maven.apache.org/surefire/maven-surefire-plugin/xsd/surefire-test-report-3.0.xsd" version="3.0" name="TestSuite" time="5.314" tests="4" errors="0" skipped="0" failures="0">
  <properties>
[...]
</properties>
  <testcase name="findUserByUserId" classname="com.scenario_projects.mq_back_stage.tests.users.N_0003_FindUserByUserIdTest" time="0.344"/>
  <testcase name="findUserByPublicAddress" classname="com.scenario_projects.mq_back_stage.tests.users.N_0001_FindUserByPublicAddressTest" time="0.293"/>
  <testcase name="authorizationAgain" classname="com.scenario_projects.mq_back_stage.tests.users.N_0036_AuthorizationFailed" time="0.484"/>
  <testcase name="authorizationSuccessful" classname="com.scenario_projects.mq_back_stage.tests.users.N_0002_Authorization" time="0.511"/>
</testsuite>