<?xml version="1.0" encoding="UTF-8"?>
<testsuite name="Exchange"
           tests="2"
           failures="0"
           errors="0"
           skipped="0"
           time="1.913">
  <properties />
  
  
            <testcase name="createExchangeOrder" time="1.630" classname="com.scenario_projects.mq_back_stage.tests.exchange.N_0030_CreateExchangeOrderTokenToWrapTest" />
                <testcase name="sendExchangeIdAndTransactionHashToBack" time="0.283" classname="com.scenario_projects.mq_back_stage.tests.exchange.N_0030_CreateExchangeOrderTokenToWrapTest" />
      
</testsuite>
