<?xml version="1.0" encoding="UTF-8"?>
<testsuite xmlns:xsi="http://www.w3.org/2001/XMLSchema-instance" xsi:noNamespaceSchemaLocation="https://maven.apache.org/surefire/maven-surefire-plugin/xsd/surefire-test-report-3.0.xsd" version="3.0" name="TestSuite" time="64.344" tests="58" errors="0" skipped="0" failures="0">
  <properties>
[...]
</properties>
  <testcase name="findUserByUserId" classname="com.scenario_projects.mq_back_stage.tests.users.N_0003_FindUserByUserIdTest" time="0.384"/>
  <testcase name="findUserByPublicAddress" classname="com.scenario_projects.mq_back_stage.tests.users.N_0001_FindUserByPublicAddressTest" time="0.356"/>
  <testcase name="authorizationAgain" classname="com.scenario_projects.mq_back_stage.tests.users.N_0036_AuthorizationFailed" time="0.905"/>
  <testcase name="authorizationSuccessful" classname="com.scenario_projects.mq_back_stage.tests.users.N_0002_Authorization" time="0.479"/>
  <testcase name="getMarketsByMarketId" classname="com.scenario_projects.mq_back_stage.tests.markets.N_0023_FindMarketByMarketIdTest" time="0.3"/>
  <testcase name="getAllMarkets" classname="com.scenario_projects.mq_back_stage.tests.markets.N_0004_FindAllMarketsTest" time="0.318"/>
  <testcase name="getMarketsByTokenSymbols" classname="com.scenario_projects.mq_back_stage.tests.markets.N_0005_FindMarketsByTokenSymbolsTest" time="0.293"/>
  <testcase name="getMarketsByTokenSymbols" classname="com.scenario_projects.mq_back_stage.tests.data.N_0006_GetRelayer" time="0.29"/>
  <testcase name="getTradeHistory" classname="com.scenario_projects.mq_back_stage.tests.trade.N_0007_GetTradeHistory" time="0.324"/>
  <testcase name="getUserTradeHistory" classname="com.scenario_projects.mq_back_stage.tests.trade.N_0008_GetUserTradeHistory" time="0.324"/>
  <testcase name="getOrderBookHistoryByMarketId" classname="com.scenario_projects.mq_back_stage.tests.orderBook.N_0009_GetOrderBookHistoryByMarketId" time="0.415"/>
  <testcase name="getOrderBookHistoryForAllMarkets" classname="com.scenario_projects.mq_back_stage.tests.orderBook.N_0010_GetOrderBookHistoryForAllMarkets" time="0.35"/>
  <testcase name="getTradeDashboardDataByMarketId" classname="com.scenario_projects.mq_back_stage.tests.dashboard.N_0011_GetTradeDashboardDataByMarketIdTest" time="0.296"/>
  <testcase name="getChartDataForThePeriod" classname="com.scenario_projects.mq_back_stage.tests.dashboard.N_0013_GetChartDataForThePeriodTest" time="0.312"/>
  <testcase name="getLandingDashboardData" classname="com.scenario_projects.mq_back_stage.tests.dashboard.N_0012_GetLandingDashboardDataTest" time="0.341"/>
  <testcase name="getUserFavoritesMarkets" classname="com.scenario_projects.mq_back_stage.tests.favorites.N_0014_GetUserFavoritesMarketsTest" time="0.328"/>
  <testcase name="addMarketsToUserFavorites" classname="com.scenario_projects.mq_back_stage.tests.favorites.N_0015_AddMarketsToUserFavoritesTest" time="0.299"/>
  <testcase name="deleteMarketFromUserFavorites" classname="com.scenario_projects.mq_back_stage.tests.favorites.N_0016_DeleteMarketFromUserFavoritesTest" time="0.265"/>
  <testcase name="GetFeesWallets" classname="com.scenario_projects.mq_back_stage.tests.ethereum.N_0017_GetFeesWalletsTest" time="0.434"/>
  <testcase name="addNewToken" classname="com.scenario_projects.mq_back_stage.tests.admin.N_0050_AddNewTokenByNotAdminTest" time="0.298"/>
  <testcase name="getAdminTransactionList" classname="com.scenario_projects.mq_back_stage.tests.admin.N_0019_GetAdminTransactionListTest" time="0.361"/>
  <testcase name="updateTradeFees" classname="com.scenario_projects.mq_back_stage.tests.admin.N_0037_UpdateTradeFeesWithZeroValuesTest" time="0.306"/>
  <testcase name="addNewToken" classname="com.scenario_projects.mq_back_stage.tests.admin.N_0022_AddNewTokenTest" time="0.382"/>
  <testcase name="getUsersWallets" classname="com.scenario_projects.mq_back_stage.tests.admin.N_0018_GetUsersWalletsTest" time="0.289"/>
  <testcase name="checkAddNewTokenWithNotUniqueTokenName" classname="com.scenario_projects.mq_back_stage.tests.admin.N_0024_AddNewTokenWithNotUniqueTokenNameTest" time="0.311"/>
  <testcase name="updateTradeFees" classname="com.scenario_projects.mq_back_stage.tests.admin.N_0039_UpdateTradeFeesWithValuesMoreTenTest" time="0.298"/>
  <testcase name="checkAddNewTokenWithNotUniqueBaseTokenUrl" classname="com.scenario_projects.mq_back_stage.tests.admin.N_0025_AddNewTokenWithNotUniqueBaseTokenUrlTest" time="0.329"/>
  <testcase name="updateTradeFees" classname="com.scenario_projects.mq_back_stage.tests.admin.N_0021_UpdateTradeFeesTest" time="0.279"/>
  <testcase name="updateTradeFees" classname="com.scenario_projects.mq_back_stage.tests.admin.N_0038_UpdateTradeFeesWithNegativeValuesTest" time="0.369"/>
  <testcase name="getTradeFees" classname="com.scenario_projects.mq_back_stage.tests.admin.N_0020_GetTradeFeesTest" time="0.357"/>
  <testcase name="startBot" classname="com.scenario_projects.mq_back_stage.tests.adminBot.N_0043_StartBotWithNegativeValuesTest" time="0.283"/>
  <testcase name="getBotData" classname="com.scenario_projects.mq_back_stage.tests.adminBot.N_0052_CheckBotStatusInCreatedMarketTest" time="0.302"/>
  <testcase name="startBotAgain" classname="com.scenario_projects.mq_back_stage.tests.adminBot.N_0042_StartBotWhenBotIsAlreadyRunningTest" time="0.321"/>
  <testcase name="getOrderBookHistoryByMarketId" classname="com.scenario_projects.mq_back_stage.tests.adminBot.N_0041_CheckBotCreatedOrdersTest" time="0.344"/>
  <testcase name="startBot" classname="com.scenario_projects.mq_back_stage.tests.adminBot.N_0051_StartBotByNotAdminTest" time="0.672"/>
  <testcase name="startBot" classname="com.scenario_projects.mq_back_stage.tests.adminBot.N_0040_StartAndStopBotTest" time="1.285"/>
  <testcase name="getBotData" classname="com.scenario_projects.mq_back_stage.tests.adminBot.N_0040_StartAndStopBotTest" time="0.311"/>
  <testcase name="stopBot" classname="com.scenario_projects.mq_back_stage.tests.adminBot.N_0040_StartAndStopBotTest" time="0.335"/>
  <testcase name="getOrderByOrderId" classname="com.scenario_projects.mq_back_stage.tests.orders.N_0028_GetOrderByOrderIdTest" time="0.359"/>
  <testcase name="findUserOrdersByMarketId" classname="com.scenario_projects.mq_back_stage.tests.orders.N_0027_FindUserOrdersTest" time="0.272"/>
  <testcase name="createOrder" classname="com.scenario_projects.mq_back_stage.tests.orders.N_0026_CreateOrderTest" time="3.919"/>
  <testcase name="getExchangeTokenDataByTokenId" classname="com.scenario_projects.mq_back_stage.tests.exchange.N_0033_GetExchangeTokenDataByTokenIdTest" time="0.289"/>
  <testcase name="createExchangeOrder" classname="com.scenario_projects.mq_back_stage.tests.exchange.N_0044_CreateExchangeOrderWrapToTokenWithInvalidDataTest" time="0.581"/>
  <testcase name="createExchangeOrder" classname="com.scenario_projects.mq_back_stage.tests.exchange.N_0053_CreateExchangeOrderWrapToTokenWithWethValueMoreThanUserWethBalanceTest" time="0.571"/>
  <testcase name="createExchangeOrder" classname="com.scenario_projects.mq_back_stage.tests.exchange.N_0030_CreateExchangeOrderTokenToWrapTest" time="1.862"/>
  <testcase name="sendExchangeIdAndTransactionHashToBack" classname="com.scenario_projects.mq_back_stage.tests.exchange.N_0030_CreateExchangeOrderTokenToWrapTest" time="0.961"/>
  <testcase name="getExchangeTokenByTokenName" classname="com.scenario_projects.mq_back_stage.tests.exchange.N_0032_GetExchangeTokenDataByTokenNameTest" time="0.274"/>
  <testcase name="createExchangeOrder" classname="com.scenario_projects.mq_back_stage.tests.exchange.N_0045_CreateExchangeOrderTokenToWrapWithInvalidDataTest" time="0.536"/>
  <testcase name="createExchangeOrder" classname="com.scenario_projects.mq_back_stage.tests.exchange.N_0029_CreateExchangeOrderWrapToTokenTest" time="1.724"/>
  <testcase name="sendExchangeIdAndTransactionHashToBack" classname="com.scenario_projects.mq_back_stage.tests.exchange.N_0029_CreateExchangeOrderWrapToTokenTest" time="0.283"/>
  <testcase name="getExchangeOrderDataByTokenId" classname="com.scenario_projects.mq_back_stage.tests.exchange.N_0034_GetExchangeOrderDataByTokenIdTest" time="0.327"/>
  <testcase name="getExchangeOrderDataByTokenId" classname="com.scenario_projects.mq_back_stage.tests.exchange.N_0035_FindExchangeOrdersByUserIdTest" time="0.289"/>
  <testcase name="createExchangeOrder" classname="com.scenario_projects.mq_back_stage.tests.exchange.N_0049_CreateExchangeOrderTokenToTokenTest" time="0.304"/>
  <testcase name="getExchangeOrderByOrderId" classname="com.scenario_projects.mq_back_stage.tests.exchange.N_0031_GetExchangeOrderDataByOrderIdTest" time="0.358"/>
  <testcase name="createExchangeOrder" classname="com.scenario_projects.mq_back_stage.tests.exchange.N_0054_CreateExchangeOrderTokenToWrapWithTokenValueMoreThanUserWalletTokenBalanceTest" time="0.537"/>
  <testcase name="createExchangeOrder" classname="com.scenario_projects.mq_back_stage.tests.exchange.N_0046_CreateExchangeOrderTokenToWrapWithNegativeValuesTest" time="0.284"/>
  <testcase name="createExchangeOrder" classname="com.scenario_projects.mq_back_stage.tests.exchange.N_0047_CreateExchangeOrderTokenToWrapWithZeroValueTest" time="0.297"/>
  <testcase name="createExchangeOrder" classname="com.scenario_projects.mq_back_stage.tests.exchange.N_0048_CreateExchangeOrderWrapToWrapTest" time="0.284"/>
</testsuite>